h:\业余爱好\project\simworld\simworld\realworld\realworld\x64\debug\vc140.pdb
h:\业余爱好\project\simworld\simworld\realworld\realworld\x64\debug\vc140.idb
h:\业余爱好\project\simworld\simworld\realworld\realworld\x64\debug\atomblockbase.obj
h:\业余爱好\project\simworld\simworld\realworld\realworld\x64\debug\earthblock.obj
h:\业余爱好\project\simworld\simworld\realworld\realworld\x64\debug\solidblock.obj
h:\业余爱好\project\simworld\simworld\realworld\realworld\x64\debug\mapcube.obj
h:\业余爱好\project\simworld\simworld\realworld\realworld\x64\debug\mapnodegrid.obj
h:\业余爱好\project\simworld\simworld\realworld\realworld\x64\debug\nodebase.obj
h:\业余爱好\project\simworld\simworld\realworld\realworld\x64\debug\realworld.obj
h:\业余爱好\project\simworld\simworld\realworld\realworld\x64\debug\stdafx.obj
h:\业余爱好\project\simworld\simworld\realworld\realworld\x64\debug\surfacebase.obj
h:\业余爱好\project\simworld\simworld\realworld\realworld\x64\debug\earthsurface.obj
h:\业余爱好\project\simworld\simworld\realworld\realworld\x64\debug\solidsurface.obj
h:\业余爱好\project\simworld\simworld\realworld\realworld\x64\debug\windowmodule.obj
h:\业余爱好\project\simworld\simworld\realworld\x64\debug\realworld.ilk
h:\业余爱好\project\simworld\simworld\realworld\x64\debug\realworld.exe
h:\业余爱好\project\simworld\simworld\realworld\x64\debug\realworld.pdb
h:\业余爱好\project\simworld\simworld\realworld\realworld\x64\debug\vc141.idb
h:\业余爱好\project\simworld\simworld\realworld\realworld\x64\debug\vc141.pdb
h:\业余爱好\project\simworld\simworld\realworld\realworld\x64\debug\realworld.tlog\cl.command.1.tlog
h:\业余爱好\project\simworld\simworld\realworld\realworld\x64\debug\realworld.tlog\cl.read.1.tlog
h:\业余爱好\project\simworld\simworld\realworld\realworld\x64\debug\realworld.tlog\cl.write.1.tlog
h:\业余爱好\project\simworld\simworld\realworld\realworld\x64\debug\realworld.tlog\link.12048-cvtres.read.1.tlog
h:\业余爱好\project\simworld\simworld\realworld\realworld\x64\debug\realworld.tlog\link.12048-cvtres.write.1.tlog
h:\业余爱好\project\simworld\simworld\realworld\realworld\x64\debug\realworld.tlog\link.12048-rc.read.1.tlog
h:\业余爱好\project\simworld\simworld\realworld\realworld\x64\debug\realworld.tlog\link.12048-rc.write.1.tlog
h:\业余爱好\project\simworld\simworld\realworld\realworld\x64\debug\realworld.tlog\link.12048.read.1.tlog
h:\业余爱好\project\simworld\simworld\realworld\realworld\x64\debug\realworld.tlog\link.12048.write.1.tlog
h:\业余爱好\project\simworld\simworld\realworld\realworld\x64\debug\realworld.tlog\link.command.1.tlog
h:\业余爱好\project\simworld\simworld\realworld\realworld\x64\debug\realworld.tlog\link.read.1.tlog
h:\业余爱好\project\simworld\simworld\realworld\realworld\x64\debug\realworld.tlog\link.write.1.tlog
