h:\业余爱好\project\simworld\simworld\realworld\realworld\debug\vc140.pdb
h:\业余爱好\project\simworld\simworld\realworld\realworld\debug\vc140.idb
h:\业余爱好\project\simworld\simworld\realworld\realworld\debug\atomblockbase.obj
h:\业余爱好\project\simworld\simworld\realworld\realworld\debug\earthblock.obj
h:\业余爱好\project\simworld\simworld\realworld\realworld\debug\solidblock.obj
h:\业余爱好\project\simworld\simworld\realworld\realworld\debug\mapcube.obj
h:\业余爱好\project\simworld\simworld\realworld\realworld\debug\mapnodegrid.obj
h:\业余爱好\project\simworld\simworld\realworld\realworld\debug\nodebase.obj
h:\业余爱好\project\simworld\simworld\realworld\realworld\debug\realworld.obj
h:\业余爱好\project\simworld\simworld\realworld\realworld\debug\stdafx.obj
h:\业余爱好\project\simworld\simworld\realworld\realworld\debug\surfacebase.obj
h:\业余爱好\project\simworld\simworld\realworld\realworld\debug\earthsurface.obj
h:\业余爱好\project\simworld\simworld\realworld\realworld\debug\solidsurface.obj
h:\业余爱好\project\simworld\simworld\realworld\realworld\debug\windowmodule.obj
h:\业余爱好\project\simworld\simworld\realworld\realworld\debug\perlin.obj
h:\业余爱好\project\simworld\simworld\realworld\realworld\debug\fastnoise.obj
h:\业余爱好\project\simworld\simworld\realworld\debug\realworld.ilk
h:\业余爱好\project\simworld\simworld\realworld\debug\realworld.exe
h:\业余爱好\project\simworld\simworld\realworld\debug\realworld.pdb
h:\业余爱好\project\simworld\simworld\realworld\realworld\debug\realworld.tlog\cl.command.1.tlog
h:\业余爱好\project\simworld\simworld\realworld\realworld\debug\realworld.tlog\cl.read.1.tlog
h:\业余爱好\project\simworld\simworld\realworld\realworld\debug\realworld.tlog\cl.write.1.tlog
h:\业余爱好\project\simworld\simworld\realworld\realworld\debug\realworld.tlog\link.command.1.tlog
h:\业余爱好\project\simworld\simworld\realworld\realworld\debug\realworld.tlog\link.read.1.tlog
h:\业余爱好\project\simworld\simworld\realworld\realworld\debug\realworld.tlog\link.write.1.tlog
